<?xml version="1.0" encoding="UTF-8"?>
<!-- Generated by org.testng.reporters.JUnitReportReporter -->
<testsuite hostname="DELL" failures="0" tests="1" name="QAFOX_Project.ComponentPageTestClass" time="8.048" errors="0" timestamp="2023-07-18T16:30:05 IST" skipped="0">
  <testcase classname="QAFOX_Project.ComponentPageTestClass" name="Login_and_validate_components" time="8.048"/>
</testsuite> <!-- QAFOX_Project.ComponentPageTestClass -->
