<?xml version="1.0" encoding="UTF-8"?>
<!-- Generated by org.testng.reporters.JUnitReportReporter -->
<testsuite hostname="DELL" failures="0" tests="1" name="Action_Class.ActionUsingKeyBoard" time="8.906" errors="0" timestamp="2023-07-14T15:34:29 IST" skipped="0">
  <testcase classname="Action_Class.ActionUsingKeyBoard" name="ActionKeyboard" time="8.906"/>
</testsuite> <!-- Action_Class.ActionUsingKeyBoard -->
