<?xml version="1.0" encoding="UTF-8"?>
<!-- Generated by org.testng.reporters.JUnitReportReporter -->
<testsuite hostname="DELL" failures="0" tests="1" name="Action_Class.SortElements" time="16.796" errors="0" timestamp="2023-07-14T17:28:54 IST" skipped="0">
  <testcase classname="Action_Class.SortElements" name="Elements" time="16.796"/>
</testsuite> <!-- Action_Class.SortElements -->
