<?xml version="1.0" encoding="UTF-8"?>
<!-- Generated by org.testng.reporters.JUnitReportReporter -->
<testsuite hostname="DELL" failures="0" tests="3" name="GithubTest.First_Test" time="0.021" errors="0" timestamp="2023-07-08T15:53:29 IST" skipped="0">
  <testcase classname="GithubTest.First_Test" name="test_Method3" time="0.003"/>
  <testcase classname="GithubTest.First_Test" name="test_Method2" time="0.011"/>
  <testcase classname="GithubTest.First_Test" name="test_Method1" time="0.007"/>
</testsuite> <!-- GithubTest.First_Test -->
