<?xml version="1.0" encoding="UTF-8"?>
<!-- Generated by org.testng.reporters.JUnitReportReporter -->
<testsuite hostname="DELL" failures="0" tests="1" name="Action_Class.DragAndDrop" time="13.282" errors="0" timestamp="2023-07-14T15:32:48 IST" skipped="0">
  <testcase classname="Action_Class.DragAndDrop" name="dragdrop" time="13.282"/>
</testsuite> <!-- Action_Class.DragAndDrop -->
