<?xml version="1.0" encoding="UTF-8"?>
<!-- Generated by org.testng.reporters.JUnitReportReporter -->
<testsuite hostname="DELL" failures="0" tests="1" name="Action_Class.ActionClassMouseOver" time="22.396" errors="0" timestamp="2023-07-24T11:01:49 IST" skipped="0">
  <testcase classname="Action_Class.ActionClassMouseOver" name="mouseover" time="22.396"/>
</testsuite> <!-- Action_Class.ActionClassMouseOver -->
