<?xml version="1.0" encoding="UTF-8"?>
<!-- Generated by org.testng.reporters.JUnitReportReporter -->
<testsuite hostname="DELL" failures="0" tests="1" name="QAFOX_Project.LoginPageTestClass" time="14.670" errors="0" timestamp="2023-07-10T13:14:48 IST" skipped="0">
  <testcase classname="QAFOX_Project.LoginPageTestClass" name="Login_and_validate_components" time="14.670"/>
</testsuite> <!-- QAFOX_Project.LoginPageTestClass -->
