<?xml version="1.0" encoding="UTF-8"?>
<!-- Generated by org.testng.reporters.JUnitReportReporter -->
<testsuite hostname="DELL" failures="0" tests="1" name="GithubTest.LoginPage_OrangeHRM" time="11.769" errors="0" timestamp="2023-07-08T17:06:54 IST" skipped="0">
  <testcase classname="GithubTest.LoginPage_OrangeHRM" name="EnterLoginDetails" time="11.769"/>
</testsuite> <!-- GithubTest.LoginPage_OrangeHRM -->
