<?xml version="1.0" encoding="UTF-8"?>
<!-- Generated by org.testng.reporters.JUnitReportReporter -->
<testsuite hostname="DELL" failures="0" tests="1" name="Action_Class.ActionClassMouseOver" time="20.459" errors="0" timestamp="2023-07-14T15:35:03 IST" skipped="0">
  <testcase classname="Action_Class.ActionClassMouseOver" name="mouseover" time="20.459"/>
</testsuite> <!-- Action_Class.ActionClassMouseOver -->
