<?xml version="1.0" encoding="UTF-8"?>
<!-- Generated by org.testng.reporters.JUnitReportReporter -->
<testsuite hostname="DELL" failures="0" tests="1" name="Action_Class.ActionClassClick" time="7.226" errors="0" timestamp="2023-07-14T15:35:23 IST" skipped="0">
  <testcase classname="Action_Class.ActionClassClick" name="action_click" time="7.226"/>
</testsuite> <!-- Action_Class.ActionClassClick -->
