<?xml version="1.0" encoding="UTF-8"?>
<!-- Generated by org.testng.reporters.JUnitReportReporter -->
<testsuite hostname="DELL" failures="0" tests="1" name="JavaScriptExcutor.JavaScriptExecutorClass" time="10.615" errors="0" timestamp="2023-07-14T15:35:59 IST" skipped="0">
  <testcase classname="JavaScriptExcutor.JavaScriptExecutorClass" name="javascript_executor" time="10.615"/>
</testsuite> <!-- JavaScriptExcutor.JavaScriptExecutorClass -->
