<?xml version="1.0" encoding="UTF-8"?>
<!-- Generated by org.testng.reporters.JUnitReportReporter -->
<testsuite hostname="DELL" failures="0" tests="1" name="QAFOX_Project.DriverClass" time="4.928" errors="0" timestamp="2023-07-10T11:21:55 IST" skipped="0">
  <testcase classname="QAFOX_Project.DriverClass" name="driver" time="4.928"/>
</testsuite> <!-- QAFOX_Project.DriverClass -->
