<?xml version="1.0" encoding="UTF-8"?>
<!-- Generated by org.testng.reporters.JUnitReportReporter -->
<testsuite hostname="DELL" failures="0" tests="1" name="QAFOX_Project.RegistrationClass" time="1.848" errors="0" timestamp="2023-07-10T11:57:19 IST" skipped="0">
  <testcase classname="QAFOX_Project.RegistrationClass" name="Enter_Registration_Details" time="1.848"/>
</testsuite> <!-- QAFOX_Project.RegistrationClass -->
