<?xml version="1.0" encoding="UTF-8"?>
<!-- Generated by org.testng.reporters.JUnitReportReporter -->
<testsuite hostname="DELL" failures="0" tests="1" name="Action_Class.moveelements" time="19.473" errors="0" timestamp="2023-07-14T17:18:49 IST" skipped="0">
  <testcase classname="Action_Class.moveelements" name="drop_element" time="19.473"/>
</testsuite> <!-- Action_Class.moveelements -->
