<?xml version="1.0" encoding="UTF-8"?>
<!-- Generated by org.testng.reporters.JUnitReportReporter -->
<testsuite hostname="DELL" failures="0" tests="1" name="QAFOX_Project.LoginPageTestClass" time="7.154" errors="0" timestamp="2023-07-10T15:17:34 IST" skipped="0">
  <testcase classname="QAFOX_Project.LoginPageTestClass" name="Login_and_validate_components" time="7.154"/>
</testsuite> <!-- QAFOX_Project.LoginPageTestClass -->
