<?xml version="1.0" encoding="UTF-8"?>
<!-- Generated by org.testng.reporters.JUnitReportReporter -->
<testsuite hostname="DELL" failures="0" tests="1" name="QAFOX_Project_TEST_PKG.ComponentPageTestClass" time="2.033" errors="0" timestamp="2023-07-19T11:46:04 IST" skipped="0">
  <testcase classname="QAFOX_Project_TEST_PKG.ComponentPageTestClass" name="Login_and_validate_components" time="2.033"/>
</testsuite> <!-- QAFOX_Project_TEST_PKG.ComponentPageTestClass -->
