<?xml version="1.0" encoding="UTF-8"?>
<!-- Generated by org.testng.reporters.JUnitReportReporter -->
<testsuite hostname="DELL" failures="0" tests="1" name="QAFOX_Project_TEST_PKG.TestClass" time="1.368" errors="0" timestamp="2023-07-25T11:32:51 IST" skipped="0">
  <testcase classname="QAFOX_Project_TEST_PKG.TestClass" name="Login_and_validate_components_Add_Item_To_Cart_and_try_checkout" time="1.368"/>
</testsuite> <!-- QAFOX_Project_TEST_PKG.TestClass -->
