<?xml version="1.0" encoding="UTF-8"?>
<!-- Generated by org.testng.reporters.JUnitReportReporter -->
<testsuite hostname="DELL" failures="0" tests="2" name="QAFOX_Project_TEST_PKG.TestClass" time="19.017" errors="0" timestamp="2023-07-21T12:15:01 IST" skipped="1">
  <testcase classname="QAFOX_Project_TEST_PKG.TestClass" name="Login_and_validate_Camera" time="19.017"/>
  <testcase classname="QAFOX_Project_TEST_PKG.TestClass" name="Login_and_validate_components_Add_Item_To_Cart_and_try_checkout">
    <skipped/>
  </testcase> <!-- Login_and_validate_components_Add_Item_To_Cart_and_try_checkout -->
</testsuite> <!-- QAFOX_Project_TEST_PKG.TestClass -->
