<?xml version="1.0" encoding="UTF-8"?>
<!-- Generated by org.testng.reporters.JUnitReportReporter -->
<testsuite hostname="DELL" failures="0" tests="2" name="TestClasses.OrangeHRM_TestCases" time="27.764" errors="0" timestamp="2023-08-04T18:49:37 IST" skipped="0">
  <testcase classname="TestClasses.OrangeHRM_TestCases" name="Validate_With_Vaild_Credentials" time="12.839"/>
  <testcase classname="TestClasses.OrangeHRM_TestCases" name="Validate_invalid_credentials" time="14.925"/>
</testsuite> <!-- TestClasses.OrangeHRM_TestCases -->
