<?xml version="1.0" encoding="UTF-8"?>
<!-- Generated by org.testng.reporters.JUnitReportReporter -->
<testsuite hostname="DELL" failures="0" tests="3" name="BasePage.DashboardPage" time="0.009" errors="0" timestamp="2023-08-01T16:54:37 IST" skipped="0">
  <testcase classname="BasePage.DashboardPage" name="Click_on_Admin" time="0.004"/>
  <testcase classname="BasePage.DashboardPage" name="click_on_time" time="0.003"/>
  <testcase classname="BasePage.DashboardPage" name="click_on_Leave" time="0.002"/>
</testsuite> <!-- BasePage.DashboardPage -->
