<?xml version="1.0" encoding="UTF-8"?>
<!-- Generated by org.testng.reporters.JUnitReportReporter -->
<testsuite hostname="DELL" failures="0" tests="3" name="TestPage.LoginPage_Test" time="0.024" errors="0" timestamp="2023-08-01T17:08:43 IST" skipped="0">
  <testcase classname="TestPage.LoginPage_Test" name="Valid_user" time="0.015"/>
  <testcase classname="TestPage.LoginPage_Test" name="Valid_pass" time="0.003"/>
  <testcase classname="TestPage.LoginPage_Test" name="click_login" time="0.006"/>
</testsuite> <!-- TestPage.LoginPage_Test -->
