<?xml version="1.0" encoding="UTF-8"?>
<!-- Generated by org.testng.reporters.JUnitReportReporter -->
<testsuite hostname="DELL" failures="0" tests="3" name="TestPage.Dashboard_Test" time="0.008" errors="0" timestamp="2023-08-01T17:08:43 IST" skipped="0">
  <testcase classname="TestPage.Dashboard_Test" name="Valid_dashboard_admin" time="0.004"/>
  <testcase classname="TestPage.Dashboard_Test" name="Valid_dashboard_time" time="0.001"/>
  <testcase classname="TestPage.Dashboard_Test" name="Valid_dashboard_leave" time="0.003"/>
</testsuite> <!-- TestPage.Dashboard_Test -->
