<?xml version="1.0" encoding="UTF-8"?>
<!-- Generated by org.testng.reporters.JUnitReportReporter -->
<testsuite hostname="DELL" failures="0" tests="3" name="Driver_and_pages.LoginPage" time="0.038" errors="0" timestamp="2023-08-01T14:22:45 IST" skipped="0">
  <testcase classname="Driver_and_pages.LoginPage" name="TestCase_1" time="0.023"/>
  <testcase classname="Driver_and_pages.LoginPage" name="TestCase_2" time="0.011"/>
  <testcase classname="Driver_and_pages.LoginPage" name="TestCase_3" time="0.004"/>
</testsuite> <!-- Driver_and_pages.LoginPage -->
