<?xml version="1.0" encoding="UTF-8"?>
<!-- Generated by org.testng.reporters.JUnitReportReporter -->
<testsuite hostname="DELL" failures="0" tests="3" name="Report.ExtentReportDemo" time="0.028" errors="0" timestamp="2023-08-01T14:58:00 IST" skipped="0">
  <testcase classname="Report.ExtentReportDemo" name="TestCase_2" time="0.004"/>
  <testcase classname="Report.ExtentReportDemo" name="TestCase_1" time="0.019"/>
  <testcase classname="Report.ExtentReportDemo" name="TestCase_3" time="0.005"/>
</testsuite> <!-- Report.ExtentReportDemo -->
