<?xml version="1.0" encoding="UTF-8"?>
<!-- Generated by org.testng.reporters.JUnitReportReporter -->
<testsuite hostname="DELL" failures="0" tests="3" name="BasePage.LoginPage_XPaths" time="0.017" errors="0" timestamp="2023-08-01T16:54:37 IST" skipped="0">
  <testcase classname="BasePage.LoginPage_XPaths" name="Enter_password" time="0.004"/>
  <testcase classname="BasePage.LoginPage_XPaths" name="Enter_login" time="0.002"/>
  <testcase classname="BasePage.LoginPage_XPaths" name="Enter_User_name" time="0.011"/>
</testsuite> <!-- BasePage.LoginPage_XPaths -->
