<?xml version="1.0" encoding="UTF-8"?>
<!-- Generated by org.testng.reporters.JUnitReportReporter -->
<testsuite hostname="DELL" failures="0" tests="3" name="TestPage.LoginPage_Test" time="0.020" errors="0" timestamp="2023-08-01T18:07:35 IST" skipped="0">
  <testcase classname="TestPage.LoginPage_Test" name="Valid_user" time="0.013"/>
  <testcase classname="TestPage.LoginPage_Test" name="Valid_pass" time="0.002"/>
  <testcase classname="TestPage.LoginPage_Test" name="click_login" time="0.005"/>
</testsuite> <!-- TestPage.LoginPage_Test -->
