<?xml version="1.0" encoding="UTF-8"?>
<!-- Generated by org.testng.reporters.JUnitReportReporter -->
<testsuite hostname="DELL" failures="0" tests="3" name="BasePage.LoginPage" time="0.017" errors="0" timestamp="2023-08-01T15:46:20 IST" skipped="0">
  <testcase classname="BasePage.LoginPage" name="Empty_user_pass" time="0.011"/>
  <testcase classname="BasePage.LoginPage" name="Valid_user_pass" time="0.003"/>
  <testcase classname="BasePage.LoginPage" name="Invalid_user_pass" time="0.003"/>
</testsuite> <!-- BasePage.LoginPage -->
