<?xml version="1.0" encoding="UTF-8"?>
<!-- Generated by org.testng.reporters.JUnitReportReporter -->
<testsuite hostname="DELL" failures="0" tests="6" name="TEST_PKG.QAFOX_TestClass" time="61.449" errors="0" timestamp="2023-08-02T15:47:17 IST" skipped="0">
  <testcase classname="TEST_PKG.QAFOX_TestClass" name="validate_login_with_invalid_user_and_valid_password" time="10.637"/>
  <testcase classname="TEST_PKG.QAFOX_TestClass" name="Validate_Login_With_Valid_Credentials" time="26.464"/>
  <testcase classname="TEST_PKG.QAFOX_TestClass" name="Validate_login_with_Invalid_credentials" time="5.643"/>
  <testcase classname="TEST_PKG.QAFOX_TestClass" name="validate_login_with_valid_user_and_invalid_password" time="6.338"/>
  <testcase classname="TEST_PKG.QAFOX_TestClass" name="validate_login_empty_user_empty_password" time="6.378"/>
  <testcase classname="TEST_PKG.QAFOX_TestClass" name="Validate_login_with_valid_user_empty_password" time="5.989"/>
</testsuite> <!-- TEST_PKG.QAFOX_TestClass -->
