<?xml version="1.0" encoding="UTF-8"?>
<!-- Generated by org.testng.reporters.JUnitReportReporter -->
<testsuite hostname="DELL" failures="0" tests="1" name="TEST_PKG.QAFOX_TestClass" time="0.762" errors="0" timestamp="2023-07-26T15:45:04 IST" skipped="0">
  <testcase classname="TEST_PKG.QAFOX_TestClass" name="Enter_Login_Detail" time="0.762"/>
</testsuite> <!-- TEST_PKG.QAFOX_TestClass -->
