<?xml version="1.0" encoding="UTF-8"?>
<!-- Generated by org.testng.reporters.JUnitReportReporter -->
<testsuite hostname="DELL" failures="0" tests="1" name="TEST_PKG.QAFOX_Dashboard_page_TestClass" time="26.427" errors="0" timestamp="2023-08-02T18:57:57 IST" skipped="0">
  <testcase classname="TEST_PKG.QAFOX_Dashboard_page_TestClass" name="validate_componenet_with_valid_credentials" time="26.427"/>
</testsuite> <!-- TEST_PKG.QAFOX_Dashboard_page_TestClass -->
