<?xml version="1.0" encoding="UTF-8"?>
<!-- Generated by org.testng.reporters.JUnitReportReporter -->
<testsuite hostname="DELL" failures="0" tests="3" name="TEST_PKG.QAFOX_TestClass" time="15.166" errors="0" timestamp="2023-07-28T18:40:28 IST" skipped="2">
  <testcase classname="TEST_PKG.QAFOX_TestClass" name="validate_login_with_valid_user_and_invalid_password" time="15.166"/>
  <testcase classname="TEST_PKG.QAFOX_TestClass" name="Validate_Login_With_Valid_Credentials">
    <skipped/>
  </testcase> <!-- Validate_Login_With_Valid_Credentials -->
  <testcase classname="TEST_PKG.QAFOX_TestClass" name="Validate_login_with_Invalid_credentials">
    <skipped/>
  </testcase> <!-- Validate_login_with_Invalid_credentials -->
</testsuite> <!-- TEST_PKG.QAFOX_TestClass -->
