<?xml version="1.0" encoding="UTF-8"?>
<!-- Generated by org.testng.reporters.JUnitReportReporter -->
<testsuite hostname="DELL" failures="0" tests="2" name="TEST_PKG.QAFOX_TestClass" time="28.324" errors="0" timestamp="2023-07-28T17:00:42 IST" skipped="1">
  <testcase classname="TEST_PKG.QAFOX_TestClass" name="Validate_Login_With_Valid_Credentials" time="28.324"/>
  <testcase classname="TEST_PKG.QAFOX_TestClass" name="Validate_login_with_Invalid_credentials">
    <skipped/>
  </testcase> <!-- Validate_login_with_Invalid_credentials -->
</testsuite> <!-- TEST_PKG.QAFOX_TestClass -->
