<?xml version="1.0" encoding="UTF-8"?>
<!-- Generated by org.testng.reporters.JUnitReportReporter -->
<testsuite hostname="DELL" failures="0" tests="6" name="TEST_PKG.QAFOX_LoginPage_TestClass" time="40.465" errors="0" timestamp="2023-08-02T18:15:31 IST" skipped="0">
  <testcase classname="TEST_PKG.QAFOX_LoginPage_TestClass" name="Validate_Login_With_Valid_Credentials" time="11.306"/>
  <testcase classname="TEST_PKG.QAFOX_LoginPage_TestClass" name="Validate_login_with_Invalid_credentials" time="5.964"/>
  <testcase classname="TEST_PKG.QAFOX_LoginPage_TestClass" name="validate_login_with_valid_user_and_invalid_password" time="7.036"/>
  <testcase classname="TEST_PKG.QAFOX_LoginPage_TestClass" name="validate_login_with_invalid_user_and_valid_password" time="5.341"/>
  <testcase classname="TEST_PKG.QAFOX_LoginPage_TestClass" name="validate_login_empty_user_empty_password" time="5.517"/>
  <testcase classname="TEST_PKG.QAFOX_LoginPage_TestClass" name="Validate_login_with_valid_user_empty_password" time="5.301"/>
</testsuite> <!-- TEST_PKG.QAFOX_LoginPage_TestClass -->
