<?xml version="1.0" encoding="UTF-8"?>
<!-- Generated by org.testng.reporters.JUnitReportReporter -->
<testsuite hostname="DELL" failures="0" tests="1" name="OrangeHRM_TestPKG.TestClass" time="5.521" errors="0" timestamp="2023-07-25T11:12:12 IST" skipped="0">
  <testcase classname="OrangeHRM_TestPKG.TestClass" name="Validate_Dashboard_Leave" time="5.521"/>
</testsuite> <!-- OrangeHRM_TestPKG.TestClass -->
